0 info it worked if it ends with ok
1 verbose cli [ '/usr/local/Cellar/node/6.3.1/bin/node',
1 verbose cli   '/usr/local/bin/npm',
1 verbose cli   'install',
1 verbose cli   'bcrypt,express-jwt,jsonwebtoken,body-parser',
1 verbose cli   '--save' ]
2 info using npm@3.10.3
3 info using node@v6.3.1
4 silly loadCurrentTree Starting
5 silly install loadCurrentTree
6 silly install readLocalPackageData
7 silly fetchPackageMetaData bcrypt,express-jwt,jsonwebtoken,body-parser
8 silly fetchOtherPackageData bcrypt,express-jwt,jsonwebtoken,body-parser
9 silly cache add args [ 'bcrypt,express-jwt,jsonwebtoken,body-parser', null ]
10 verbose cache add spec bcrypt,express-jwt,jsonwebtoken,body-parser
11 silly cache add parsed spec Result {
11 silly cache add   raw: 'bcrypt,express-jwt,jsonwebtoken,body-parser',
11 silly cache add   scope: null,
11 silly cache add   escapedName: null,
11 silly cache add   name: null,
11 silly cache add   rawSpec: 'bcrypt,express-jwt,jsonwebtoken,body-parser',
11 silly cache add   spec: '/Users/eminekoc/digitallab/apex/Project-X/bcrypt,express-jwt,jsonwebtoken,body-parser',
11 silly cache add   type: 'local' }
12 error addLocal Could not install /Users/eminekoc/digitallab/apex/Project-X/bcrypt,express-jwt,jsonwebtoken,body-parser
13 silly fetchPackageMetaData Error: ENOENT: no such file or directory, open '/Users/eminekoc/digitallab/apex/Project-X/bcrypt,express-jwt,jsonwebtoken,body-parser'
13 silly fetchPackageMetaData     at Error (native)
13 silly fetchPackageMetaData  error for bcrypt,express-jwt,jsonwebtoken,body-parser { Error: ENOENT: no such file or directory, open '/Users/eminekoc/digitallab/apex/Project-X/bcrypt,express-jwt,jsonwebtoken,body-parser'
13 silly fetchPackageMetaData     at Error (native)
13 silly fetchPackageMetaData   errno: -2,
13 silly fetchPackageMetaData   code: 'ENOENT',
13 silly fetchPackageMetaData   syscall: 'open',
13 silly fetchPackageMetaData   path: '/Users/eminekoc/digitallab/apex/Project-X/bcrypt,express-jwt,jsonwebtoken,body-parser' }
14 silly rollbackFailedOptional Starting
15 silly rollbackFailedOptional Finishing
16 silly runTopLevelLifecycles Starting
17 silly runTopLevelLifecycles Finishing
18 silly install printInstalled
19 verbose stack Error: ENOENT: no such file or directory, open '/Users/eminekoc/digitallab/apex/Project-X/bcrypt,express-jwt,jsonwebtoken,body-parser'
19 verbose stack     at Error (native)
20 verbose cwd /Users/eminekoc/digitallab/apex/Project-X
21 error Darwin 15.6.0
22 error argv "/usr/local/Cellar/node/6.3.1/bin/node" "/usr/local/bin/npm" "install" "bcrypt,express-jwt,jsonwebtoken,body-parser" "--save"
23 error node v6.3.1
24 error npm  v3.10.3
25 error path /Users/eminekoc/digitallab/apex/Project-X/bcrypt,express-jwt,jsonwebtoken,body-parser
26 error code ENOENT
27 error errno -2
28 error syscall open
29 error enoent ENOENT: no such file or directory, open '/Users/eminekoc/digitallab/apex/Project-X/bcrypt,express-jwt,jsonwebtoken,body-parser'
30 error enoent ENOENT: no such file or directory, open '/Users/eminekoc/digitallab/apex/Project-X/bcrypt,express-jwt,jsonwebtoken,body-parser'
30 error enoent This is most likely not a problem with npm itself
30 error enoent and is related to npm not being able to find a file.
31 verbose exit [ -2, true ]
